2025-04-15 12:49:11,324 - INFO: Response: Hello! I'm your emotion-aware assistant. I can detect how you're feeling and respond accordingly. Feel free to speak naturally, and I'll do my best to understand both your words and emotions. You can say 'exit' whenever you'd like to end our conversation.
2025-04-15 12:49:27,306 - INFO: Adjusting for ambient noise...
2025-04-15 12:49:28,799 - INFO: Listening for speech...
2025-04-15 12:49:38,861 - INFO: Processing speech...
2025-04-15 12:49:41,258 - INFO: Recognized Speech: I would like to share few things to you
2025-04-15 12:49:41,484 - INFO: Transformer emotions: {'joy': 0.6528053283691406}
2025-04-15 12:49:41,484 - INFO: VADER sentiment: {'neg': 0.0, 'neu': 0.561, 'pos': 0.439, 'compound': 0.5719}
2025-04-15 12:49:41,485 - INFO: Combined analysis: {'joy': 0.6528053283691406}
2025-04-15 12:49:41,485 - INFO: Detected emotion: joy (0.6528)
2025-04-15 12:49:54,460 - INFO: Adjusting for ambient noise...
2025-04-15 12:49:55,953 - INFO: Listening for speech...
2025-04-15 12:50:05,995 - INFO: Processing speech...
2025-04-15 12:50:08,333 - INFO: Recognized Speech: ok bye
2025-04-15 12:50:08,424 - INFO: Transformer emotions: {'joy': 0.9698107838630676}
2025-04-15 12:50:08,424 - INFO: VADER sentiment: {'neg': 0.0, 'neu': 0.312, 'pos': 0.688, 'compound': 0.296}
2025-04-15 12:50:08,424 - INFO: Combined analysis: {'joy': 0.9698107838630676}
2025-04-15 12:50:08,426 - INFO: Detected emotion: joy (0.9698)
2025-04-15 12:50:22,950 - INFO: Adjusting for ambient noise...
2025-04-15 12:50:24,443 - INFO: Listening for speech...
2025-04-15 12:50:34,506 - INFO: Processing speech...
2025-04-15 12:50:37,210 - INFO: Recognized Speech: exit
2025-04-15 12:50:37,212 - INFO: Response: Thank you for chatting with me. Take care, and goodbye!
2025-04-15 12:50:41,488 - INFO: Chatbot session ended.
