2025-04-15 12:41:07,994 - INFO: Response: Hello! I'm your emotion-aware assistant. I can detect how you're feeling and respond accordingly. Feel free to speak naturally, and I'll do my best to understand both your words and emotions. You can say 'exit' whenever you'd like to end our conversation.
2025-04-15 12:41:24,075 - INFO: Adjusting for ambient noise...
2025-04-15 12:41:25,569 - INFO: Listening for speech...
2025-04-15 12:41:35,709 - INFO: Processing speech...
2025-04-15 12:41:37,967 - INFO: Recognized Speech: hello hello
2025-04-15 12:41:38,112 - INFO: Transformer emotions: {'joy': 0.9462873935699463}
2025-04-15 12:41:38,127 - INFO: VADER sentiment: {'neg': 0.0, 'neu': 1.0, 'pos': 0.0, 'compound': 0.0}
2025-04-15 12:41:38,127 - INFO: Combined analysis: {'joy': 0.9462873935699463}
2025-04-15 12:41:38,128 - INFO: Detected emotion: joy (0.9463)
2025-04-15 12:41:50,858 - INFO: Adjusting for ambient noise...
2025-04-15 12:41:52,351 - INFO: Listening for speech...
2025-04-15 12:41:58,637 - INFO: Processing speech...
2025-04-15 12:42:00,497 - WARNING: Could not understand audio
2025-04-15 12:42:00,497 - INFO: Response: I didn't catch that. Could you please repeat?
2025-04-15 12:42:04,358 - INFO: Adjusting for ambient noise...
2025-04-15 12:42:05,851 - INFO: Listening for speech...
2025-04-15 12:42:16,037 - INFO: Processing speech...
2025-04-15 12:42:18,723 - INFO: Recognized Speech: what's the time now
2025-04-15 12:42:18,831 - INFO: Transformer emotions: {'anger': 0.8702601194381714}
2025-04-15 12:42:18,831 - INFO: VADER sentiment: {'neg': 0.0, 'neu': 1.0, 'pos': 0.0, 'compound': 0.0}
2025-04-15 12:42:18,832 - INFO: Combined analysis: {'anger': 0.8702601194381714}
2025-04-15 12:42:18,832 - INFO: Detected emotion: anger (0.8703)
2025-04-15 12:42:21,079 - INFO: Response: I sense some frustration.  Is everything alright?  What can I help you with besides the time?  I can tell you the time, of course, but I'm wondering if there's something more I can do.
2025-04-15 12:42:33,026 - INFO: Adjusting for ambient noise...
2025-04-15 12:42:34,519 - INFO: Listening for speech...
2025-04-15 12:42:44,721 - INFO: Processing speech...
2025-04-15 12:42:47,088 - WARNING: Could not understand audio
2025-04-15 12:42:47,089 - INFO: Response: I didn't catch that. Could you please repeat?
2025-04-15 12:42:50,948 - INFO: Adjusting for ambient noise...
2025-04-15 12:42:52,440 - INFO: Listening for speech...
2025-04-15 12:42:53,777 - INFO: Processing speech...
2025-04-15 12:42:54,848 - WARNING: Could not understand audio
2025-04-15 12:42:54,849 - INFO: Response: I didn't catch that. Could you please repeat?
2025-04-15 12:42:58,631 - INFO: Adjusting for ambient noise...
2025-04-15 12:43:00,124 - INFO: Listening for speech...
2025-04-15 12:43:10,170 - INFO: Processing speech...
2025-04-15 12:43:12,169 - INFO: Recognized Speech: exit
2025-04-15 12:43:12,171 - INFO: Response: Thank you for chatting with me. Take care, and goodbye!
2025-04-15 12:43:16,458 - INFO: Chatbot session ended.
